#
# There is insufficient memory for the Java Runtime Environment to continue.
# Native memory allocation (mmap) failed to map 58720256 bytes for Failed to commit area from 0x00000000c8a00000 to 0x00000000cc200000 of length 58720256.
# Possible reasons:
#   The system is out of physical RAM or swap space
#   The process is running with CompressedOops enabled, and the Java Heap may be blocking the growth of the native heap
# Possible solutions:
#   Reduce memory load on the system
#   Increase physical memory or swap space
#   Check if swap backing store is full
#   Decrease Java heap size (-Xmx/-Xms)
#   Decrease number of Java threads
#   Decrease Java thread stack sizes (-Xss)
#   Set larger code cache with -XX:ReservedCodeCacheSize=
# This output file may be truncated or incomplete.
#
#  Out of Memory Error (./src/hotspot/os/windows/os_windows.cpp:3303), pid=16816, tid=17384
#
# JRE version:  (11.0.9.1+11) (build )
# Java VM: OpenJDK 64-Bit Server VM (11.0.9.1+11-b1145.77, mixed mode, sharing, tiered, compressed oops, g1 gc, windows-amd64)
# No core dump will be written. Minidumps are not enabled by default on client versions of Windows
#

---------------  S U M M A R Y ------------

Command Line: org.jetbrains.git4idea.http.GitAskPassApp Username for 'https://github.com': 

Host: AMD A10-9620P RADEON R5, 10 COMPUTE CORES 4C+6G, 4 cores, 3G,  Windows 10 , 64 bit Build 19041 (10.0.19041.1023)
Time: Tue Jul  6 19:40:25 2021 中国标准时间 elapsed time: 0.074964 seconds (0d 0h 0m 0s)

---------------  T H R E A D  ---------------

Current thread (0x000002349fb3b000):  JavaThread "Unknown thread" [_thread_in_vm, id=17384, stack(0x0000003c16e00000,0x0000003c16f00000)]

Stack: [0x0000003c16e00000,0x0000003c16f00000]
Native frames: (J=compiled Java code, j=interpreted, Vv=VM code, C=native code)
V  [jvm.dll+0x5edd9a]
V  [jvm.dll+0x7229c5]
V  [jvm.dll+0x723f1d]
V  [jvm.dll+0x7245d3]
V  [jvm.dll+0x2431b8]
V  [jvm.dll+0x5eb234]
V  [jvm.dll+0x5e0325]
V  [jvm.dll+0x2fe60b]
V  [jvm.dll+0x2fe57a]
V  [jvm.dll+0x2fe452]
V  [jvm.dll+0x303346]
V  [jvm.dll+0x34ba83]
V  [jvm.dll+0x34c186]
V  [jvm.dll+0x34bb83]
V  [jvm.dll+0x2d9218]
V  [jvm.dll+0x2da3c7]
V  [jvm.dll+0x701a67]
V  [jvm.dll+0x70325c]
V  [jvm.dll+0x359049]
V  [jvm.dll+0x6e552e]
V  [jvm.dll+0x3c1353]
V  [jvm.dll+0x3c3571]
C  [jli.dll+0x5373]
C  [ucrtbase.dll+0x21bb2]
C  [KERNEL32.DLL+0x17034]
C  [ntdll.dll+0x52651]


---------------  P R O C E S S  ---------------

Threads class SMR info:
_java_thread_list=0x000002349d950d30, length=0, elements={
}

Java Threads: ( => current thread )

Other Threads:
  0x000002349fb52800 GCTaskThread "GC Thread#0" [stack: 0x0000003c16f00000,0x0000003c17000000] [id=11576]
  0x000002349fb6c800 ConcurrentGCThread "G1 Main Marker" [stack: 0x0000003c17000000,0x0000003c17100000] [id=2180]
  0x000002349fb6f000 ConcurrentGCThread "G1 Conc#0" [stack: 0x0000003c17100000,0x0000003c17200000] [id=4952]

[error occurred during error reporting (printing all threads), id 0xc0000005, EXCEPTION_ACCESS_VIOLATION (0xc0000005) at pc=0x00007ff9b78f9807]

VM state:not at safepoint (not fully initialized)

VM Mutex/Monitor currently owned by a thread:  ([mutex/lock_event])
[0x000002349fb366b0] Heap_lock - owner thread: 0x000002349fb3b000

Heap address: 0x00000000c8a00000, size: 886 MB, Compressed Oops mode: Non-zero based: 0x00000000c8a00000
Narrow klass base: 0x0000000000000000, Narrow klass shift: 0

GC Heap History (0 events):
No events

Deoptimization events (0 events):
No events

Classes redefined (0 events):
No events

Internal exceptions (0 events):
No events

Events (1 events):
Event: 0.052 Loaded shared library D:\IntelliJ IDEA 2020.3.2\jbr\bin\zip.dll


Dynamic libraries:
0x00007ff7d2d30000 - 0x00007ff7d2d3a000 	D:\IntelliJ IDEA 2020.3.2\jbr\bin\java.exe
0x00007ff9f4250000 - 0x00007ff9f4445000 	C:\WINDOWS\SYSTEM32\ntdll.dll
0x00007ff9f2db0000 - 0x00007ff9f2e6d000 	C:\WINDOWS\System32\KERNEL32.DLL
0x00007ff9f1990000 - 0x00007ff9f1c58000 	C:\WINDOWS\System32\KERNELBASE.dll
0x00007ff9f21c0000 - 0x00007ff9f22c0000 	C:\WINDOWS\System32\ucrtbase.dll
0x00007ff9e0680000 - 0x00007ff9e0699000 	D:\IntelliJ IDEA 2020.3.2\jbr\bin\jli.dll
0x00007ff9e03c0000 - 0x00007ff9e03d7000 	D:\IntelliJ IDEA 2020.3.2\jbr\bin\VCRUNTIME140.dll
0x00007ff9f3310000 - 0x00007ff9f34b0000 	C:\WINDOWS\System32\USER32.dll
0x00007ff9f2080000 - 0x00007ff9f20a2000 	C:\WINDOWS\System32\win32u.dll
0x00007ff9f3bb0000 - 0x00007ff9f3bda000 	C:\WINDOWS\System32\GDI32.dll
0x00007ff9f20b0000 - 0x00007ff9f21bb000 	C:\WINDOWS\System32\gdi32full.dll
0x00007ff9e34d0000 - 0x00007ff9e376a000 	C:\WINDOWS\WinSxS\amd64_microsoft.windows.common-controls_6595b64144ccf1df_6.0.19041.1052_none_60b8f8fd71f5e8cb\COMCTL32.dll
0x00007ff9f1e80000 - 0x00007ff9f1f1d000 	C:\WINDOWS\System32\msvcp_win.dll
0x00007ff9f2d10000 - 0x00007ff9f2dae000 	C:\WINDOWS\System32\msvcrt.dll
0x00007ff9f3b80000 - 0x00007ff9f3bb0000 	C:\WINDOWS\System32\IMM32.DLL
0x00007ff9be700000 - 0x00007ff9be79d000 	D:\IntelliJ IDEA 2020.3.2\jbr\bin\msvcp140.dll
0x00007ff9b7610000 - 0x00007ff9b80de000 	D:\IntelliJ IDEA 2020.3.2\jbr\bin\server\jvm.dll
0x00007ff9f3f10000 - 0x00007ff9f3fbc000 	C:\WINDOWS\System32\ADVAPI32.dll
0x00007ff9f3a80000 - 0x00007ff9f3b1b000 	C:\WINDOWS\System32\sechost.dll
0x00007ff9f40e0000 - 0x00007ff9f420b000 	C:\WINDOWS\System32\RPCRT4.dll
0x00007ff9f3f00000 - 0x00007ff9f3f08000 	C:\WINDOWS\System32\PSAPI.DLL
0x00007ff9dc770000 - 0x00007ff9dc779000 	C:\WINDOWS\SYSTEM32\WSOCK32.dll
0x00007ff9f3510000 - 0x00007ff9f357b000 	C:\WINDOWS\System32\WS2_32.dll
0x00007ff9e94d0000 - 0x00007ff9e94f7000 	C:\WINDOWS\SYSTEM32\WINMM.dll
0x00007ff9e9fd0000 - 0x00007ff9e9fda000 	C:\WINDOWS\SYSTEM32\VERSION.dll
0x00007ff9ef8e0000 - 0x00007ff9ef8f2000 	C:\WINDOWS\SYSTEM32\kernel.appcore.dll
0x00007ff9ca2f0000 - 0x00007ff9ca301000 	D:\IntelliJ IDEA 2020.3.2\jbr\bin\verify.dll
0x00007ff9ddf90000 - 0x00007ff9de174000 	C:\WINDOWS\SYSTEM32\DBGHELP.DLL
0x00007ff9ddbb0000 - 0x00007ff9ddbdc000 	C:\WINDOWS\SYSTEM32\dbgcore.DLL
0x00007ff9f1df0000 - 0x00007ff9f1e73000 	C:\WINDOWS\System32\bcryptPrimitives.dll
0x00007ff9ca2c0000 - 0x00007ff9ca2e9000 	D:\IntelliJ IDEA 2020.3.2\jbr\bin\java.dll
0x00007ff9ec0d0000 - 0x00007ff9ec0db000 	D:\IntelliJ IDEA 2020.3.2\jbr\bin\jimage.dll
0x00007ff9ca2a0000 - 0x00007ff9ca2b8000 	D:\IntelliJ IDEA 2020.3.2\jbr\bin\zip.dll

dbghelp: loaded successfully - version: 4.0.5 - missing functions: none
symbol engine: initialized successfully - sym options: 0x614 - pdb path: .;D:\IntelliJ IDEA 2020.3.2\jbr\bin;C:\WINDOWS\SYSTEM32;C:\WINDOWS\WinSxS\amd64_microsoft.windows.common-controls_6595b64144ccf1df_6.0.19041.1052_none_60b8f8fd71f5e8cb;D:\IntelliJ IDEA 2020.3.2\jbr\bin\server

VM Arguments:
java_command: org.jetbrains.git4idea.http.GitAskPassApp Username for 'https://github.com': 
java_class_path (initial): D:/IntelliJ IDEA 2020.3.2/plugins/git4idea/lib/git4idea-rt.jar;D:/IntelliJ IDEA 2020.3.2/lib/xmlrpc-2.0.1.jar;D:/IntelliJ IDEA 2020.3.2/lib/commons-codec-1.14.jar
Launcher Type: SUN_STANDARD

[Global flags]
     intx CICompilerCount                          = 3                                         {product} {ergonomic}
     uint ConcGCThreads                            = 1                                         {product} {ergonomic}
     uint G1ConcRefinementThreads                  = 4                                         {product} {ergonomic}
   size_t G1HeapRegionSize                         = 1048576                                   {product} {ergonomic}
    uintx GCDrainStackTargetSize                   = 64                                        {product} {ergonomic}
   size_t InitialHeapSize                          = 58720256                                  {product} {ergonomic}
   size_t MarkStackSize                            = 4194304                                   {product} {ergonomic}
   size_t MaxHeapSize                              = 929038336                                 {product} {ergonomic}
   size_t MinHeapDeltaBytes                        = 1048576                                   {product} {ergonomic}
    uintx NonNMethodCodeHeapSize                   = 5830732                                {pd product} {ergonomic}
    uintx NonProfiledCodeHeapSize                  = 122913754                              {pd product} {ergonomic}
    uintx ProfiledCodeHeapSize                     = 122913754                              {pd product} {ergonomic}
    uintx ReservedCodeCacheSize                    = 251658240                              {pd product} {ergonomic}
     bool SegmentedCodeCache                       = true                                      {product} {ergonomic}
     bool UseCompressedClassPointers               = true                                 {lp64_product} {ergonomic}
     bool UseCompressedOops                        = true                                 {lp64_product} {ergonomic}
     bool UseG1GC                                  = true                                      {product} {ergonomic}
     bool UseLargePagesIndividualAllocation        = false                                  {pd product} {ergonomic}

Logging:
Log output configuration:
 #0: stdout all=warning uptime,level,tags
 #1: stderr all=off uptime,level,tags

Environment Variables:
PATH=D:\Git\mingw64\libexec\git-core;D:\Git\mingw64\libexec\git-core;D:\Git\mingw64\bin;D:\Git\usr\bin;C:\Users\Administrator\bin;D:\oracle\app\oracle\product\11.2.0\server\bin;C:\Program Files (x86)\Common Files\Oracle\Java\javapath;C:\WINDOWS\system32;C:\WINDOWS;C:\WINDOWS\System32\Wbem;C:\WINDOWS\System32\WindowsPowerShell\v1.0;C:\WINDOWS\System32\OpenSSH;C:\Program Files\Java\jdk1.8.0_191\bin;D:\Program Files\mysql-5.6.11-winx64\bin;D:\workspaces;D:\workspaces\node_modules;D:\workspaces\node_global;D:\workspaces;D:\Git\cmd;D:\python\Scripts;D:\python;D:\Scripts;D:\;C:\Users\Administrator\AppData\Local\Microsoft\WindowsApps;D:\IntelliJ IDEA 2020.3.2\bin;C:\Users\Administrator\AppData\Roaming\npm
USERNAME=蔡顺平是猪
DISPLAY=:0.0
LC_ALL=en_US.UTF-8
OS=Windows_NT
PROCESSOR_IDENTIFIER=AMD64 Family 21 Model 101 Stepping 1, AuthenticAMD



---------------  S Y S T E M  ---------------

OS: Windows 10 , 64 bit Build 19041 (10.0.19041.1023)
OS uptime: 1 days 4:58 hours

CPU:total 4 (initial active 4) (4 cores per cpu, 1 threads per core) family 21 model 101 stepping 1, cmov, cx8, fxsr, mmx, sse, sse2, sse3, ssse3, sse4.1, sse4.2, popcnt, avx, avx2, aes, clmul, mmxext, 3dnowpref, lzcnt, sse4a, tsc, tscinvbit, tscinv, bmi1, bmi2, fma

Memory: 4k page, system-wide physical 3540M (353M free)
TotalPageFile size 11147M (AvailPageFile size 10M)
current process WorkingSet (physical memory assigned to process): 9M, peak: 9M
current process commit charge ("private bytes"): 51M, peak: 107M

vm_info: OpenJDK 64-Bit Server VM (11.0.9.1+11-b1145.77) for windows-amd64 JRE (11.0.9.1+11-b1145.77), built on Jan 16 2021 05:14:13 by "" with MS VC++ 14.0 (VS2015)

END.
